7509
11974
8427
8561
7732
5992
7458
6923
7764
4223
7710
7565
3354
4546
7489
7096
12922
7332
3822
4324
7695
6002
3384
4250
60653
4401
7297
7592
7612
3669
7498
7116
9055
7604
7511
4420
4410
7748
4729
4061
3074
38539
3684
4092
3971
5821
3924
4743
3587
4499
7807
7621
7695
3230
3183
3461
4868
8468
7572
4940
14296
4979
7655
3175
4264
4071
14613
7715
3067
3924
4313
8602
7503
3082
4423
4131
7618
6959
4031
7450
3086
8435
12799
7296
3094
3112
7576
7103
3206
7738
7550
7555
3118
7767
7542
7887
7489
37054
4420
7510
7824
4692
13861
8764
3980
4564
4935
7059
3663
6997
7505
3140
7067
7642
4544
4561
3072
5334
3796
3083
7716
6826
41390
